
> storybook-realcube@0.1.0 build-storybook
> storybook build -o out-storybook --output-dir=/var/folders/w8/w4yxky4d7yl5gfqcf0nhny_40000gn/T/chromatic--53031-4p3xduyJCtEF

@storybook/cli v7.6.1

info => Cleaning outputDir: /var/folders/w8/w4yxky4d7yl5gfqcf0nhny_40000gn/T/chromatic--53031-4p3xduyJCtEF
info => Loading presets
info => Building manager..
info => Manager built (115 ms)
info => Building preview..
info => Copying static files: /Users/rishwantariq/Documents/Exalogic - code/realcube-design-system/realcube-design-system/node_modules/@storybook/manager/static at /var/folders/w8/w4yxky4d7yl5gfqcf0nhny_40000gn/T/chromatic--53031-4p3xduyJCtEF/sb-common-assets
info Using Babel compiler
info Addon-docs: using MDX2
info => Using implicit CSS loaders
info => Using default Webpack5 setup
WARN Module not found: Error: Can't resolve '@emotion/is-prop-valid' in '/Users/rishwantariq/Documents/Exalogic - code/realcube-design-system/realcube-design-system/node_modules/framer-motion/dist/es/render/dom/utils'
WARN asset size limit: The following asset(s) exceed the recommended size limit (244 KiB).
WARN This can impact web performance.
WARN Assets: 
WARN   static/media/music-light.c8d568c1.png (1.1 MiB)
WARN   static/media/music-dark.96c2ec01.png (1.14 MiB)
WARN   static/media/cards-dark.41a7d7e2.png (557 KiB)
WARN   static/media/cards-light.54301400.png (481 KiB)
WARN   static/media/dashboard-dark.393094c6.png (263 KiB)
WARN   9115.1780c637.iframe.bundle.js (690 KiB)
WARN   3426.f935dccc.iframe.bundle.js (583 KiB)
WARN   5349.e377b69a.iframe.bundle.js (683 KiB)
WARN   732.59d81a19.iframe.bundle.js (993 KiB)
WARN   2489.bb18f033.iframe.bundle.js (1.16 MiB)
WARN   9974.34cb684f.iframe.bundle.js (587 KiB)
WARN entrypoint size limit: The following entrypoint(s) combined asset size exceeds the recommended limit (244 KiB). This can impact web performance.
WARN Entrypoints:
WARN   main (1.35 MiB)
WARN       runtime~main.528fa4ce.iframe.bundle.js
WARN       2489.bb18f033.iframe.bundle.js
WARN       main.a31be589.iframe.bundle.js
WARN 
info => Preview built (20 s)
info => Output directory: /var/folders/w8/w4yxky4d7yl5gfqcf0nhny_40000gn/T/chromatic--53031-4p3xduyJCtEF
